<?xml version="1.0" encoding="UTF-8"?>
<testng-results skipped="0" failed="0" total="1" passed="1">
  <reporter-output>
  </reporter-output>
  <suite name="Default suite" duration-ms="8521" started-at="2018-12-13T17:16:22Z" finished-at="2018-12-13T17:16:30Z">
    <groups>
    </groups>
    <test name="Default test" duration-ms="8521" started-at="2018-12-13T17:16:22Z" finished-at="2018-12-13T17:16:30Z">
      <class name="com.scenarios.testPandaChecks">
        <test-method status="PASS" signature="startingBrowser()[pri:0, instance:com.scenarios.testPandaChecks@c88a337]" name="startingBrowser" is-config="true" duration-ms="2460" started-at="2018-12-13T17:16:22Z" finished-at="2018-12-13T17:16:24Z">
          <reporter-output>
          </reporter-output>
        </test-method> <!-- startingBrowser -->
        <test-method status="PASS" signature="manageMyBooking()[pri:0, instance:com.scenarios.testPandaChecks@c88a337]" name="manageMyBooking" duration-ms="6050" started-at="2018-12-13T17:16:24Z" finished-at="2018-12-13T17:16:30Z">
          <reporter-output>
          </reporter-output>
        </test-method> <!-- manageMyBooking -->
      </class> <!-- com.scenarios.testPandaChecks -->
    </test> <!-- Default test -->
  </suite> <!-- Default suite -->
</testng-results>
